0 info it worked if it ends with ok
1 verbose cli [ 'C:\\Program Files\\nodejs\\node.exe',
1 verbose cli   'C:\\Program Files\\nodejs\\node_modules\\npm\\bin\\npm-cli.js',
1 verbose cli   'run',
1 verbose cli   'build' ]
2 info using npm@3.10.10
3 info using node@v6.9.4
4 verbose run-script [ 'prebuild', 'build', 'postbuild' ]
5 info lifecycle react-boilerplate-webp-hotreload@1.0.0~prebuild: react-boilerplate-webp-hotreload@1.0.0
6 silly lifecycle react-boilerplate-webp-hotreload@1.0.0~prebuild: no script for prebuild, continuing
7 info lifecycle react-boilerplate-webp-hotreload@1.0.0~build: react-boilerplate-webp-hotreload@1.0.0
8 verbose lifecycle react-boilerplate-webp-hotreload@1.0.0~build: unsafe-perm in lifecycle true
9 verbose lifecycle react-boilerplate-webp-hotreload@1.0.0~build: PATH: C:\Program Files\nodejs\node_modules\npm\bin\node-gyp-bin;C:\Users\davel\desktop\webgits\react-boilerplate-webp-hotreload\node_modules\.bin;C:\Users\davel\bin;C:\Users\davel\AppData\Local\GitHub\PortableGit_d7effa1a4a322478cd29c826b52a0c118ad3db11\usr\local\bin;C:\Users\davel\AppData\Local\GitHub\PortableGit_d7effa1a4a322478cd29c826b52a0c118ad3db11\usr\bin;C:\Users\davel\AppData\Local\GitHub\PortableGit_d7effa1a4a322478cd29c826b52a0c118ad3db11\usr\bin;C:\Users\davel\AppData\Local\GitHub\PortableGit_d7effa1a4a322478cd29c826b52a0c118ad3db11\cmd;C:\Users\davel\AppData\Local\GitHub\PortableGit_d7effa1a4a322478cd29c826b52a0c118ad3db11\usr\bin;C:\Users\davel\AppData\Local\GitHub\PortableGit_d7effa1a4a322478cd29c826b52a0c118ad3db11\usr\share\git-tfs;C:\Users\davel\AppData\Local\Apps\2.0\B887TZVC.YVH\182V9QT4.EQL\gith..tion_317444273a93ac29_0003.0003_665ccbdbd3c2d8d4;C:\Users\davel\AppData\Local\GitHub\lfs-amd64_1.3.1;C:\Program Files (x86)\Intel\iCLS Client;C:\Program Files\Intel\iCLS Client;C:\WINDOWS\system32;C:\WINDOWS;C:\WINDOWS\System32\Wbem;C:\WINDOWS\System32\WindowsPowerShell\v1.0;C:\Program Files (x86)\Intel\Intel(R) Management Engine Components\DAL;C:\Program Files\Intel\Intel(R) Management Engine Components\DAL;C:\Program Files (x86)\Intel\Intel(R) Management Engine Components\IPT;C:\Program Files\Intel\Intel(R) Management Engine Components\IPT;C:\Program Files (x86)\Skype\Phone;C:\Program Files (x86)\Autodesk\Backburner;C:\Program Files\Intel\WiFi\bin;C:\Program Files\Common Files\Intel\WirelessCommon;C:\Users\davel\AppData\Local\GitHub\PortableGit_d7effa1a4a322478cd29c826b52a0c118ad3db11\cmd;C:\Program Files\nodejs;C:\Program Files (x86)\Intel\iCLS Client;C:\Program Files\Intel\iCLS Client;C:\WINDOWS\system32;C:\WINDOWS;C:\WINDOWS\System32\Wbem;C:\WINDOWS\System32\WindowsPowerShell\v1.0;C:\Program Files (x86)\Intel\Intel(R) Management Engine Components\DAL;C:\Program Files\Intel\Intel(R) Management Engine Components\DAL;C:\Program Files (x86)\Intel\Intel(R) Management Engine Components\IPT;C:\Program Files\Intel\Intel(R) Management Engine Components\IPT;C:\Program Files (x86)\Skype\Phone;C:\Program Files (x86)\Autodesk\Backburner;C:\Program Files\Intel\WiFi\bin;C:\Program Files\Common Files\Intel\WirelessCommon;C:\Users\davel\AppData\Local\Microsoft\WindowsApps;C:\Users\davel\AppData\Roaming\npm;C:\Windows\Microsoft.NET\Framework\v4.0.30319;C:\Users\davel\AppData\Local\GitHub\PortableGit_d7effa1a4a322478cd29c826b52a0c118ad3db11\usr\bin\vendor_perl;C:\Users\davel\AppData\Local\GitHub\PortableGit_d7effa1a4a322478cd29c826b52a0c118ad3db11\usr\bin\core_perl
10 verbose lifecycle react-boilerplate-webp-hotreload@1.0.0~build: CWD: C:\Users\davel\desktop\webgits\react-boilerplate-webp-hotreload
11 silly lifecycle react-boilerplate-webp-hotreload@1.0.0~build: Args: [ '/d /s /c', 'npm run clean && npm run build:webpack' ]
12 silly lifecycle react-boilerplate-webp-hotreload@1.0.0~build: Returned: code: 1  signal: null
13 info lifecycle react-boilerplate-webp-hotreload@1.0.0~build: Failed to exec build script
14 verbose stack Error: react-boilerplate-webp-hotreload@1.0.0 build: `npm run clean && npm run build:webpack`
14 verbose stack Exit status 1
14 verbose stack     at EventEmitter.<anonymous> (C:\Program Files\nodejs\node_modules\npm\lib\utils\lifecycle.js:255:16)
14 verbose stack     at emitTwo (events.js:106:13)
14 verbose stack     at EventEmitter.emit (events.js:191:7)
14 verbose stack     at ChildProcess.<anonymous> (C:\Program Files\nodejs\node_modules\npm\lib\utils\spawn.js:40:14)
14 verbose stack     at emitTwo (events.js:106:13)
14 verbose stack     at ChildProcess.emit (events.js:191:7)
14 verbose stack     at maybeClose (internal/child_process.js:877:16)
14 verbose stack     at Process.ChildProcess._handle.onexit (internal/child_process.js:226:5)
15 verbose pkgid react-boilerplate-webp-hotreload@1.0.0
16 verbose cwd C:\Users\davel\desktop\webgits\react-boilerplate-webp-hotreload
17 error Windows_NT 10.0.14393
18 error argv "C:\\Program Files\\nodejs\\node.exe" "C:\\Program Files\\nodejs\\node_modules\\npm\\bin\\npm-cli.js" "run" "build"
19 error node v6.9.4
20 error npm  v3.10.10
21 error code ELIFECYCLE
22 error react-boilerplate-webp-hotreload@1.0.0 build: `npm run clean && npm run build:webpack`
22 error Exit status 1
23 error Failed at the react-boilerplate-webp-hotreload@1.0.0 build script 'npm run clean && npm run build:webpack'.
23 error Make sure you have the latest version of node.js and npm installed.
23 error If you do, this is most likely a problem with the react-boilerplate-webp-hotreload package,
23 error not with npm itself.
23 error Tell the author that this fails on your system:
23 error     npm run clean && npm run build:webpack
23 error You can get information on how to open an issue for this project with:
23 error     npm bugs react-boilerplate-webp-hotreload
23 error Or if that isn't available, you can get their info via:
23 error     npm owner ls react-boilerplate-webp-hotreload
23 error There is likely additional logging output above.
24 verbose exit [ 1, true ]
